<?xml version="1.0" encoding="UTF-8"?>
<testng-results ignored="0" total="5" passed="5" failed="0" skipped="0">
  <reporter-output>
  </reporter-output>
  <suite started-at="2024-02-25T02:01:51 CST" name="Suite" finished-at="2024-02-25T02:03:26 CST" duration-ms="94955">
    <groups>
      <group name="cucumber">
        <method signature="AbstractTestNGCucumberTests.runScenario(io.cucumber.testng.PickleWrapper,io.cucumber.testng.FeatureWrapper)[pri:0, instance:com.salesforce.runners.LoginRunner@6e9a5ed8]" name="runScenario" class="io.cucumber.testng.AbstractTestNGCucumberTests"/>
      </group> <!-- cucumber -->
    </groups>
    <test started-at="2024-02-25T02:01:51 CST" name="chromeTest" finished-at="2024-02-25T02:03:26 CST" duration-ms="94955">
      <class name="com.salesforce.runners.LoginRunner">
        <test-method is-config="true" signature="setUpClass(org.testng.ITestContext)[pri:0, instance:com.salesforce.runners.LoginRunner@6e9a5ed8]" started-at="2024-02-25T02:01:51 CST" name="setUpClass" finished-at="2024-02-25T02:01:53 CST" duration-ms="1716" status="PASS">
          <params>
            <param index="0">
              <value>
                <![CDATA[org.testng.TestRunner@22865072]]>
              </value>
            </param>
          </params>
          <reporter-output>
          </reporter-output>
        </test-method> <!-- setUpClass -->
        <test-method signature="runScenario(io.cucumber.testng.PickleWrapper,io.cucumber.testng.FeatureWrapper)[pri:0, instance:com.salesforce.runners.LoginRunner@6e9a5ed8]" started-at="2024-02-25T02:01:53 CST" name="runScenario" description="Runs Cucumber Scenarios" data-provider="scenarios" finished-at="2024-02-25T02:02:18 CST" duration-ms="24844" status="PASS">
          <params>
            <param index="0">
              <value>
                <![CDATA["Login Error Message - 1"]]>
              </value>
            </param>
            <param index="1">
              <value>
                <![CDATA["SFDC login feature"]]>
              </value>
            </param>
          </params>
          <reporter-output>
          </reporter-output>
        </test-method> <!-- runScenario -->
        <test-method signature="runScenario(io.cucumber.testng.PickleWrapper,io.cucumber.testng.FeatureWrapper)[pri:0, instance:com.salesforce.runners.LoginRunner@6e9a5ed8]" started-at="2024-02-25T02:02:18 CST" name="runScenario" description="Runs Cucumber Scenarios" data-provider="scenarios" finished-at="2024-02-25T02:02:31 CST" duration-ms="13279" status="PASS">
          <params>
            <param index="0">
              <value>
                <![CDATA["Login To SalesForce -2"]]>
              </value>
            </param>
            <param index="1">
              <value>
                <![CDATA["SFDC login feature"]]>
              </value>
            </param>
          </params>
          <reporter-output>
          </reporter-output>
        </test-method> <!-- runScenario -->
        <test-method signature="runScenario(io.cucumber.testng.PickleWrapper,io.cucumber.testng.FeatureWrapper)[pri:0, instance:com.salesforce.runners.LoginRunner@6e9a5ed8]" started-at="2024-02-25T02:02:31 CST" name="runScenario" description="Runs Cucumber Scenarios" data-provider="scenarios" finished-at="2024-02-25T02:02:51 CST" duration-ms="20161" status="PASS">
          <params>
            <param index="0">
              <value>
                <![CDATA["Check RemeberMe - 3"]]>
              </value>
            </param>
            <param index="1">
              <value>
                <![CDATA["SFDC login feature"]]>
              </value>
            </param>
          </params>
          <reporter-output>
          </reporter-output>
        </test-method> <!-- runScenario -->
        <test-method signature="runScenario(io.cucumber.testng.PickleWrapper,io.cucumber.testng.FeatureWrapper)[pri:0, instance:com.salesforce.runners.LoginRunner@6e9a5ed8]" started-at="2024-02-25T02:02:51 CST" name="runScenario" description="Runs Cucumber Scenarios" data-provider="scenarios" finished-at="2024-02-25T02:03:18 CST" duration-ms="26248" status="PASS">
          <params>
            <param index="0">
              <value>
                <![CDATA["Forgot Password- 4A"]]>
              </value>
            </param>
            <param index="1">
              <value>
                <![CDATA["SFDC login feature"]]>
              </value>
            </param>
          </params>
          <reporter-output>
          </reporter-output>
        </test-method> <!-- runScenario -->
        <test-method signature="runScenario(io.cucumber.testng.PickleWrapper,io.cucumber.testng.FeatureWrapper)[pri:0, instance:com.salesforce.runners.LoginRunner@6e9a5ed8]" started-at="2024-02-25T02:03:18 CST" name="runScenario" description="Runs Cucumber Scenarios" data-provider="scenarios" finished-at="2024-02-25T02:03:26 CST" duration-ms="8379" status="PASS">
          <params>
            <param index="0">
              <value>
                <![CDATA["Forgot Password- 4B"]]>
              </value>
            </param>
            <param index="1">
              <value>
                <![CDATA["SFDC login feature"]]>
              </value>
            </param>
          </params>
          <reporter-output>
          </reporter-output>
        </test-method> <!-- runScenario -->
        <test-method is-config="true" signature="tearDownClass()[pri:0, instance:com.salesforce.runners.LoginRunner@6e9a5ed8]" started-at="2024-02-25T02:03:26 CST" name="tearDownClass" finished-at="2024-02-25T02:03:26 CST" duration-ms="214" status="PASS">
          <reporter-output>
          </reporter-output>
        </test-method> <!-- tearDownClass -->
      </class> <!-- com.salesforce.runners.LoginRunner -->
    </test> <!-- chromeTest -->
  </suite> <!-- Suite -->
</testng-results>
